<?xml version="1.0" encoding="UTF-8"?>
<robot generator="Robot 3.2.2 (Python 3.9.2 on win32)" generated="20210312 16:00:20.326" rpa="false">
<suite id="s1" name="TestCases" source="C:\Users\rwijtsma\PycharmProjects\ROBOTautomation\TestCases">
<suite id="s1-s1" name="TC 001 Start Close Browser" source="C:\Users\rwijtsma\PycharmProjects\ROBOTautomation\TestCases\TC_001_Start_Close_Browser.robot">
<test id="s1-s1-t1" name="TC_001 Browser Start and Close -- name testcase">
<kw name="Start Browser and Maximize2" library="Resources1" type="setup">
<kw name="Open Browser" library="SeleniumLibrary">
<doc>Opens a new browser instance to the optional ``url``.</doc>
<arguments>
<arg>http://www.thetestingworld.com/testings</arg>
<arg>Chrome</arg>
</arguments>
<msg timestamp="20210312 16:00:20.702" level="INFO">Opening browser 'Chrome' to base url 'http://www.thetestingworld.com/testings'.</msg>
<status status="PASS" starttime="20210312 16:00:20.701" endtime="20210312 16:00:23.743"></status>
</kw>
<kw name="Maximize Browser Window" library="SeleniumLibrary">
<doc>Maximizes current browser window.</doc>
<status status="PASS" starttime="20210312 16:00:23.743" endtime="20210312 16:00:23.867"></status>
</kw>
<status status="PASS" starttime="20210312 16:00:20.701" endtime="20210312 16:00:23.867"></status>
</kw>
<kw name="Input Text" library="SeleniumLibrary">
<doc>Types the given ``text`` into the text field identified by ``locator``.</doc>
<arguments>
<arg>name:fld_username</arg>
<arg>Hello</arg>
</arguments>
<msg timestamp="20210312 16:00:23.870" level="INFO">Typing text 'Hello' into text field 'name:fld_username'.</msg>
<status status="PASS" starttime="20210312 16:00:23.869" endtime="20210312 16:00:24.034"></status>
</kw>
<kw name="close browser window" library="Resources1" type="teardown">
<kw name="Get Title" library="SeleniumLibrary">
<doc>Returns the title of the current page.</doc>
<assign>
<var>${TitlePage}</var>
</assign>
<msg timestamp="20210312 16:00:24.050" level="INFO">${TitlePage} = Login &amp; Sign Up Forms</msg>
<status status="PASS" starttime="20210312 16:00:24.038" endtime="20210312 16:00:24.050"></status>
</kw>
<kw name="Log" library="BuiltIn">
<doc>Logs the given message with the given level.</doc>
<arguments>
<arg>${TitlePage}</arg>
</arguments>
<msg timestamp="20210312 16:00:24.052" level="INFO">Login &amp; Sign Up Forms</msg>
<status status="PASS" starttime="20210312 16:00:24.051" endtime="20210312 16:00:24.053"></status>
</kw>
<kw name="Close Browser" library="SeleniumLibrary">
<doc>Closes the current browser.</doc>
<status status="PASS" starttime="20210312 16:00:24.053" endtime="20210312 16:00:26.418"></status>
</kw>
<status status="PASS" starttime="20210312 16:00:24.037" endtime="20210312 16:00:26.418"></status>
</kw>
<doc>This test case is to practise different keywords :)</doc>
<tags>
<tag>Smoke</tag>
</tags>
<timeout value="2 minutes 50 seconds"></timeout>
<status status="PASS" starttime="20210312 16:00:20.700" endtime="20210312 16:00:26.420" critical="yes"></status>
</test>
<test id="s1-s1-t2" name="Robot Next Test">
<kw name="Start Browser and Maximize2" library="Resources1" type="setup">
<kw name="Open Browser" library="SeleniumLibrary">
<doc>Opens a new browser instance to the optional ``url``.</doc>
<arguments>
<arg>http://www.thetestingworld.com/testings</arg>
<arg>Chrome</arg>
</arguments>
<msg timestamp="20210312 16:00:26.426" level="INFO">Opening browser 'Chrome' to base url 'http://www.thetestingworld.com/testings'.</msg>
<status status="PASS" starttime="20210312 16:00:26.425" endtime="20210312 16:00:29.599"></status>
</kw>
<kw name="Maximize Browser Window" library="SeleniumLibrary">
<doc>Maximizes current browser window.</doc>
<status status="PASS" starttime="20210312 16:00:29.600" endtime="20210312 16:00:29.744"></status>
</kw>
<status status="PASS" starttime="20210312 16:00:26.424" endtime="20210312 16:00:29.744"></status>
</kw>
<kw name="Select Radio Button" library="SeleniumLibrary">
<doc>Sets the radio button group ``group_name`` to ``value``.</doc>
<arguments>
<arg>add_type</arg>
<arg>office</arg>
</arguments>
<msg timestamp="20210312 16:00:29.745" level="INFO">Selecting 'office' from radio button 'add_type'.</msg>
<status status="PASS" starttime="20210312 16:00:29.745" endtime="20210312 16:00:29.845"></status>
</kw>
<kw name="close browser window" library="Resources1" type="teardown">
<kw name="Get Title" library="SeleniumLibrary">
<doc>Returns the title of the current page.</doc>
<assign>
<var>${TitlePage}</var>
</assign>
<msg timestamp="20210312 16:00:29.851" level="INFO">${TitlePage} = Login &amp; Sign Up Forms</msg>
<status status="PASS" starttime="20210312 16:00:29.846" endtime="20210312 16:00:29.851"></status>
</kw>
<kw name="Log" library="BuiltIn">
<doc>Logs the given message with the given level.</doc>
<arguments>
<arg>${TitlePage}</arg>
</arguments>
<msg timestamp="20210312 16:00:29.852" level="INFO">Login &amp; Sign Up Forms</msg>
<status status="PASS" starttime="20210312 16:00:29.852" endtime="20210312 16:00:29.852"></status>
</kw>
<kw name="Close Browser" library="SeleniumLibrary">
<doc>Closes the current browser.</doc>
<status status="PASS" starttime="20210312 16:00:29.852" endtime="20210312 16:00:32.157"></status>
</kw>
<status status="PASS" starttime="20210312 16:00:29.845" endtime="20210312 16:00:32.157"></status>
</kw>
<tags>
<tag>Sanity</tag>
<tag>Smoke</tag>
</tags>
<status status="PASS" starttime="20210312 16:00:26.423" endtime="20210312 16:00:32.157" critical="yes"></status>
</test>
<doc>This is a testing file to practise with Robot Framework</doc>
<status status="PASS" starttime="20210312 16:00:20.361" endtime="20210312 16:00:32.161"></status>
</suite>
<suite id="s1-s2" name="TC 002" source="C:\Users\rwijtsma\PycharmProjects\ROBOTautomation\TestCases\TC_002.robot">
<test id="s1-s2-t1" name="TC_001 Variable Test">
<kw name="Create List" library="BuiltIn">
<doc>Returns a list containing given items.</doc>
<arguments>
<arg>hello</arg>
<arg>22</arg>
<arg>23.23</arg>
<arg>World</arg>
<arg>Abcd1234</arg>
</arguments>
<assign>
<var>@{list1}</var>
</assign>
<msg timestamp="20210312 16:00:32.182" level="INFO">@{list1} = [ hello | 22 | 23.23 | World | Abcd1234 ]</msg>
<status status="PASS" starttime="20210312 16:00:32.181" endtime="20210312 16:00:32.182"></status>
</kw>
<kw name="${i} IN [ @{List1} ]" type="for">
<msg timestamp="20210312 16:00:32.183" level="WARN">Error in file 'C:\Users\rwijtsma\PycharmProjects\ROBOTautomation\TestCases\TC_002.robot' in FOR loop starting on line 14: For loop header ': FOR' is deprecated. Use 'FOR' instead.</msg>
<msg timestamp="20210312 16:00:32.189" level="WARN">Error in file 'C:\Users\rwijtsma\PycharmProjects\ROBOTautomation\TestCases\TC_002.robot' in FOR loop starting on line 14: Marking for loop body with '\' is deprecated. Remove markers and use 'END' instead.</msg>
<kw name="${i} = hello" type="foritem">
<kw name="Log To Console" library="BuiltIn">
<doc>Logs the given message to the console.</doc>
<arguments>
<arg>${i}</arg>
</arguments>
<status status="PASS" starttime="20210312 16:00:32.192" endtime="20210312 16:00:32.192"></status>
</kw>
<status status="PASS" starttime="20210312 16:00:32.191" endtime="20210312 16:00:32.192"></status>
</kw>
<kw name="${i} = 22" type="foritem">
<kw name="Log To Console" library="BuiltIn">
<doc>Logs the given message to the console.</doc>
<arguments>
<arg>${i}</arg>
</arguments>
<status status="PASS" starttime="20210312 16:00:32.192" endtime="20210312 16:00:32.195"></status>
</kw>
<status status="PASS" starttime="20210312 16:00:32.192" endtime="20210312 16:00:32.195"></status>
</kw>
<kw name="${i} = 23.23" type="foritem">
<kw name="Log To Console" library="BuiltIn">
<doc>Logs the given message to the console.</doc>
<arguments>
<arg>${i}</arg>
</arguments>
<status status="PASS" starttime="20210312 16:00:32.195" endtime="20210312 16:00:32.195"></status>
</kw>
<status status="PASS" starttime="20210312 16:00:32.195" endtime="20210312 16:00:32.196"></status>
</kw>
<kw name="${i} = World" type="foritem">
<kw name="Log To Console" library="BuiltIn">
<doc>Logs the given message to the console.</doc>
<arguments>
<arg>${i}</arg>
</arguments>
<status status="PASS" starttime="20210312 16:00:32.196" endtime="20210312 16:00:32.196"></status>
</kw>
<status status="PASS" starttime="20210312 16:00:32.196" endtime="20210312 16:00:32.196"></status>
</kw>
<kw name="${i} = Abcd1234" type="foritem">
<kw name="Log To Console" library="BuiltIn">
<doc>Logs the given message to the console.</doc>
<arguments>
<arg>${i}</arg>
</arguments>
<status status="PASS" starttime="20210312 16:00:32.196" endtime="20210312 16:00:32.197"></status>
</kw>
<status status="PASS" starttime="20210312 16:00:32.196" endtime="20210312 16:00:32.197"></status>
</kw>
<status status="PASS" starttime="20210312 16:00:32.183" endtime="20210312 16:00:32.197"></status>
</kw>
<status status="PASS" starttime="20210312 16:00:32.181" endtime="20210312 16:00:32.197" critical="yes"></status>
</test>
<status status="PASS" starttime="20210312 16:00:32.163" endtime="20210312 16:00:32.201"></status>
</suite>
<status status="PASS" starttime="20210312 16:00:20.330" endtime="20210312 16:00:32.208"></status>
</suite>
<statistics>
<total>
<stat pass="3" fail="0">Critical Tests</stat>
<stat pass="3" fail="0">All Tests</stat>
</total>
<tag>
<stat pass="1" fail="0">Sanity</stat>
<stat pass="2" fail="0">Smoke</stat>
</tag>
<suite>
<stat pass="3" fail="0" id="s1" name="TestCases">TestCases</stat>
<stat pass="2" fail="0" id="s1-s1" name="TC 001 Start Close Browser">TestCases.TC 001 Start Close Browser</stat>
<stat pass="1" fail="0" id="s1-s2" name="TC 002">TestCases.TC 002</stat>
</suite>
</statistics>
<errors>
<msg timestamp="20210312 16:00:32.183" level="WARN">Error in file 'C:\Users\rwijtsma\PycharmProjects\ROBOTautomation\TestCases\TC_002.robot' in FOR loop starting on line 14: For loop header ': FOR' is deprecated. Use 'FOR' instead.</msg>
<msg timestamp="20210312 16:00:32.189" level="WARN">Error in file 'C:\Users\rwijtsma\PycharmProjects\ROBOTautomation\TestCases\TC_002.robot' in FOR loop starting on line 14: Marking for loop body with '\' is deprecated. Remove markers and use 'END' instead.</msg>
</errors>
</robot>
