<?xml version="1.0" encoding="UTF-8"?>
<robot generator="Robot 3.2.2 (Python 3.9.2 on win32)" generated="20210316 14:05:49.591" rpa="false">
<suite id="s1" name="TC 006" source="C:\Users\rwijtsma\PycharmProjects\ROBOTautomation\TestCases\TC_006.robot">
<test id="s1-t1" name="Robot Fetch Data">
<kw name="Open Browser" library="SeleniumLibrary">
<doc>Opens a new browser instance to the optional ``url``.</doc>
<arguments>
<arg>${URL}</arg>
<arg>${Browser}</arg>
</arguments>
<msg timestamp="20210316 14:05:49.965" level="INFO">Opening browser 'Chrome' to base url 'http://www.thetestingworld.com/'.</msg>
<status status="PASS" starttime="20210316 14:05:49.965" endtime="20210316 14:05:54.795"></status>
</kw>
<kw name="Maximize Browser Window" library="SeleniumLibrary">
<doc>Maximizes current browser window.</doc>
<status status="PASS" starttime="20210316 14:05:54.796" endtime="20210316 14:05:54.935"></status>
</kw>
<kw name="Click Element" library="SeleniumLibrary">
<doc>Click the element identified by ``locator``.</doc>
<arguments>
<arg>xpath://a[text()='Login']</arg>
</arguments>
<msg timestamp="20210316 14:05:54.939" level="INFO">Clicking element 'xpath://a[text()='Login']'.</msg>
<status status="PASS" starttime="20210316 14:05:54.937" endtime="20210316 14:05:55.806"></status>
</kw>
<kw name="Input Text" library="SeleniumLibrary">
<doc>Types the given ``text`` into the text field identified by ``locator``.</doc>
<arguments>
<arg>id:username</arg>
<arg>testing</arg>
</arguments>
<msg timestamp="20210316 14:05:55.809" level="INFO">Typing text 'testing' into text field 'id:username'.</msg>
<status status="PASS" starttime="20210316 14:05:55.808" endtime="20210316 14:05:55.928"></status>
</kw>
<kw name="Input Text" library="SeleniumLibrary">
<doc>Types the given ``text`` into the text field identified by ``locator``.</doc>
<arguments>
<arg>id:password</arg>
<arg>testing</arg>
</arguments>
<msg timestamp="20210316 14:05:55.929" level="INFO">Typing text 'testing' into text field 'id:password'.</msg>
<status status="PASS" starttime="20210316 14:05:55.928" endtime="20210316 14:05:56.042"></status>
</kw>
<kw name="Click Button" library="SeleniumLibrary">
<doc>Clicks the button identified by ``locator``.</doc>
<arguments>
<arg>xpath://button[@type='submit']</arg>
</arguments>
<msg timestamp="20210316 14:05:56.043" level="INFO">Clicking button 'xpath://button[@type='submit']'.</msg>
<status status="PASS" starttime="20210316 14:05:56.042" endtime="20210316 14:05:57.097"></status>
</kw>
<kw name="Sleep" library="BuiltIn">
<doc>Pauses the test executed for the given time.</doc>
<arguments>
<arg>5 seconds</arg>
</arguments>
<msg timestamp="20210316 14:06:02.110" level="INFO">Slept 5 seconds</msg>
<status status="PASS" starttime="20210316 14:05:57.098" endtime="20210316 14:06:02.110"></status>
</kw>
<status status="PASS" starttime="20210316 14:05:49.962" endtime="20210316 14:06:02.110" critical="yes"></status>
</test>
<status status="PASS" starttime="20210316 14:05:49.594" endtime="20210316 14:06:02.113"></status>
</suite>
<statistics>
<total>
<stat pass="1" fail="0">Critical Tests</stat>
<stat pass="1" fail="0">All Tests</stat>
</total>
<tag>
</tag>
<suite>
<stat pass="1" fail="0" id="s1" name="TC 006">TC 006</stat>
</suite>
</statistics>
<errors>
</errors>
</robot>
