<?xml version="1.0" encoding="UTF-8"?>
<robot generator="Robot 3.2.2 (Python 3.9.2 on win32)" generated="20210312 16:02:13.912" rpa="false">
<suite id="s1" name="TestCases" source="C:\Users\rwijtsma\PycharmProjects\ROBOTautomation\TestCases">
<suite id="s1-s1" name="TC 001 Start Close Browser" source="C:\Users\rwijtsma\PycharmProjects\ROBOTautomation\TestCases\TC_001_Start_Close_Browser.robot">
<test id="s1-s1-t1" name="TC_001 Browser Start and Close -- name testcase">
<kw name="Start Browser and Maximize2" library="Resources1" type="setup">
<kw name="Open Browser" library="SeleniumLibrary">
<doc>Opens a new browser instance to the optional ``url``.</doc>
<arguments>
<arg>http://www.thetestingworld.com/testings</arg>
<arg>Chrome</arg>
</arguments>
<msg timestamp="20210312 16:02:14.293" level="INFO">Opening browser 'Chrome' to base url 'http://www.thetestingworld.com/testings'.</msg>
<status status="PASS" starttime="20210312 16:02:14.292" endtime="20210312 16:02:17.334"></status>
</kw>
<kw name="Maximize Browser Window" library="SeleniumLibrary">
<doc>Maximizes current browser window.</doc>
<status status="PASS" starttime="20210312 16:02:17.335" endtime="20210312 16:02:17.463"></status>
</kw>
<status status="PASS" starttime="20210312 16:02:14.291" endtime="20210312 16:02:17.464"></status>
</kw>
<kw name="Input Text" library="SeleniumLibrary">
<doc>Types the given ``text`` into the text field identified by ``locator``.</doc>
<arguments>
<arg>name:fld_username</arg>
<arg>Hello</arg>
</arguments>
<msg timestamp="20210312 16:02:17.470" level="INFO">Typing text 'Hello' into text field 'name:fld_username'.</msg>
<status status="PASS" starttime="20210312 16:02:17.466" endtime="20210312 16:02:17.643"></status>
</kw>
<kw name="close browser window" library="Resources1" type="teardown">
<kw name="Get Title" library="SeleniumLibrary">
<doc>Returns the title of the current page.</doc>
<assign>
<var>${TitlePage}</var>
</assign>
<msg timestamp="20210312 16:02:17.653" level="INFO">${TitlePage} = Login &amp; Sign Up Forms</msg>
<status status="PASS" starttime="20210312 16:02:17.643" endtime="20210312 16:02:17.653"></status>
</kw>
<kw name="Log" library="BuiltIn">
<doc>Logs the given message with the given level.</doc>
<arguments>
<arg>${TitlePage}</arg>
</arguments>
<msg timestamp="20210312 16:02:17.653" level="INFO">Login &amp; Sign Up Forms</msg>
<status status="PASS" starttime="20210312 16:02:17.653" endtime="20210312 16:02:17.653"></status>
</kw>
<kw name="Close Browser" library="SeleniumLibrary">
<doc>Closes the current browser.</doc>
<status status="PASS" starttime="20210312 16:02:17.653" endtime="20210312 16:02:19.893"></status>
</kw>
<status status="PASS" starttime="20210312 16:02:17.643" endtime="20210312 16:02:19.893"></status>
</kw>
<doc>This test case is to practise different keywords :)</doc>
<tags>
<tag>Smoke</tag>
</tags>
<timeout value="2 minutes 50 seconds"></timeout>
<status status="PASS" starttime="20210312 16:02:14.290" endtime="20210312 16:02:24.545" critical="yes"></status>
</test>
<test id="s1-s1-t2" name="Robot Next Test">
<kw name="Start Browser and Maximize2" library="Resources1" type="setup">
<kw name="Open Browser" library="SeleniumLibrary">
<doc>Opens a new browser instance to the optional ``url``.</doc>
<arguments>
<arg>http://www.thetestingworld.com/testings</arg>
<arg>Chrome</arg>
</arguments>
<msg timestamp="20210312 16:02:24.549" level="INFO">Opening browser 'Chrome' to base url 'http://www.thetestingworld.com/testings'.</msg>
<status status="PASS" starttime="20210312 16:02:24.549" endtime="20210312 16:02:37.204"></status>
</kw>
<kw name="Maximize Browser Window" library="SeleniumLibrary">
<doc>Maximizes current browser window.</doc>
<status status="PASS" starttime="20210312 16:02:37.204" endtime="20210312 16:02:37.387"></status>
</kw>
<status status="PASS" starttime="20210312 16:02:24.548" endtime="20210312 16:02:37.388"></status>
</kw>
<kw name="Select Radio Button" library="SeleniumLibrary">
<doc>Sets the radio button group ``group_name`` to ``value``.</doc>
<arguments>
<arg>add_type</arg>
<arg>office</arg>
</arguments>
<msg timestamp="20210312 16:02:37.389" level="INFO">Selecting 'office' from radio button 'add_type'.</msg>
<status status="PASS" starttime="20210312 16:02:37.389" endtime="20210312 16:02:37.498"></status>
</kw>
<kw name="close browser window" library="Resources1" type="teardown">
<kw name="Get Title" library="SeleniumLibrary">
<doc>Returns the title of the current page.</doc>
<assign>
<var>${TitlePage}</var>
</assign>
<msg timestamp="20210312 16:02:37.508" level="INFO">${TitlePage} = Login &amp; Sign Up Forms</msg>
<status status="PASS" starttime="20210312 16:02:37.499" endtime="20210312 16:02:37.508"></status>
</kw>
<kw name="Log" library="BuiltIn">
<doc>Logs the given message with the given level.</doc>
<arguments>
<arg>${TitlePage}</arg>
</arguments>
<msg timestamp="20210312 16:02:37.509" level="INFO">Login &amp; Sign Up Forms</msg>
<status status="PASS" starttime="20210312 16:02:37.508" endtime="20210312 16:02:37.509"></status>
</kw>
<kw name="Close Browser" library="SeleniumLibrary">
<doc>Closes the current browser.</doc>
<status status="PASS" starttime="20210312 16:02:37.509" endtime="20210312 16:02:40.121"></status>
</kw>
<status status="PASS" starttime="20210312 16:02:37.499" endtime="20210312 16:02:40.121"></status>
</kw>
<tags>
<tag>Sanity</tag>
<tag>Smoke</tag>
</tags>
<status status="PASS" starttime="20210312 16:02:24.547" endtime="20210312 16:02:40.122" critical="yes"></status>
</test>
<doc>This is a testing file to practise with Robot Framework</doc>
<status status="PASS" starttime="20210312 16:02:13.950" endtime="20210312 16:02:40.124"></status>
</suite>
<suite id="s1-s2" name="TC 002" source="C:\Users\rwijtsma\PycharmProjects\ROBOTautomation\TestCases\TC_002.robot">
<test id="s1-s2-t1" name="TC_001 Variable Test">
<kw name="Create List" library="BuiltIn">
<doc>Returns a list containing given items.</doc>
<arguments>
<arg>hello</arg>
<arg>22</arg>
<arg>23.23</arg>
<arg>World</arg>
<arg>Abcd1234</arg>
</arguments>
<assign>
<var>@{list1}</var>
</assign>
<msg timestamp="20210312 16:02:40.149" level="INFO">@{list1} = [ hello | 22 | 23.23 | World | Abcd1234 ]</msg>
<status status="PASS" starttime="20210312 16:02:40.149" endtime="20210312 16:02:40.149"></status>
</kw>
<kw name="${i} IN [ @{List1} ]" type="for">
<msg timestamp="20210312 16:02:40.150" level="WARN">Error in file 'C:\Users\rwijtsma\PycharmProjects\ROBOTautomation\TestCases\TC_002.robot' in FOR loop starting on line 14: For loop header ': FOR' is deprecated. Use 'FOR' instead.</msg>
<msg timestamp="20210312 16:02:40.151" level="WARN">Error in file 'C:\Users\rwijtsma\PycharmProjects\ROBOTautomation\TestCases\TC_002.robot' in FOR loop starting on line 14: Marking for loop body with '\' is deprecated. Remove markers and use 'END' instead.</msg>
<kw name="${i} = hello" type="foritem">
<kw name="Log To Console" library="BuiltIn">
<doc>Logs the given message to the console.</doc>
<arguments>
<arg>${i}</arg>
</arguments>
<status status="PASS" starttime="20210312 16:02:40.153" endtime="20210312 16:02:40.153"></status>
</kw>
<status status="PASS" starttime="20210312 16:02:40.152" endtime="20210312 16:02:40.153"></status>
</kw>
<kw name="${i} = 22" type="foritem">
<kw name="Log To Console" library="BuiltIn">
<doc>Logs the given message to the console.</doc>
<arguments>
<arg>${i}</arg>
</arguments>
<status status="PASS" starttime="20210312 16:02:40.153" endtime="20210312 16:02:40.155"></status>
</kw>
<status status="PASS" starttime="20210312 16:02:40.153" endtime="20210312 16:02:40.156"></status>
</kw>
<kw name="${i} = 23.23" type="foritem">
<kw name="Log To Console" library="BuiltIn">
<doc>Logs the given message to the console.</doc>
<arguments>
<arg>${i}</arg>
</arguments>
<status status="PASS" starttime="20210312 16:02:40.156" endtime="20210312 16:02:40.157"></status>
</kw>
<status status="PASS" starttime="20210312 16:02:40.156" endtime="20210312 16:02:40.157"></status>
</kw>
<kw name="${i} = World" type="foritem">
<kw name="Log To Console" library="BuiltIn">
<doc>Logs the given message to the console.</doc>
<arguments>
<arg>${i}</arg>
</arguments>
<status status="PASS" starttime="20210312 16:02:40.159" endtime="20210312 16:02:40.161"></status>
</kw>
<status status="PASS" starttime="20210312 16:02:40.158" endtime="20210312 16:02:40.161"></status>
</kw>
<kw name="${i} = Abcd1234" type="foritem">
<kw name="Log To Console" library="BuiltIn">
<doc>Logs the given message to the console.</doc>
<arguments>
<arg>${i}</arg>
</arguments>
<status status="PASS" starttime="20210312 16:02:40.162" endtime="20210312 16:02:40.162"></status>
</kw>
<status status="PASS" starttime="20210312 16:02:40.161" endtime="20210312 16:02:40.162"></status>
</kw>
<status status="PASS" starttime="20210312 16:02:40.150" endtime="20210312 16:02:40.162"></status>
</kw>
<status status="PASS" starttime="20210312 16:02:40.145" endtime="20210312 16:02:40.164" critical="yes"></status>
</test>
<status status="PASS" starttime="20210312 16:02:40.128" endtime="20210312 16:02:40.168"></status>
</suite>
<status status="PASS" starttime="20210312 16:02:13.916" endtime="20210312 16:02:40.175"></status>
</suite>
<statistics>
<total>
<stat pass="3" fail="0">Critical Tests</stat>
<stat pass="3" fail="0">All Tests</stat>
</total>
<tag>
<stat pass="1" fail="0">Sanity</stat>
<stat pass="2" fail="0">Smoke</stat>
</tag>
<suite>
<stat pass="3" fail="0" id="s1" name="TestCases">TestCases</stat>
<stat pass="2" fail="0" id="s1-s1" name="TC 001 Start Close Browser">TestCases.TC 001 Start Close Browser</stat>
<stat pass="1" fail="0" id="s1-s2" name="TC 002">TestCases.TC 002</stat>
</suite>
</statistics>
<errors>
<msg timestamp="20210312 16:02:40.150" level="WARN">Error in file 'C:\Users\rwijtsma\PycharmProjects\ROBOTautomation\TestCases\TC_002.robot' in FOR loop starting on line 14: For loop header ': FOR' is deprecated. Use 'FOR' instead.</msg>
<msg timestamp="20210312 16:02:40.151" level="WARN">Error in file 'C:\Users\rwijtsma\PycharmProjects\ROBOTautomation\TestCases\TC_002.robot' in FOR loop starting on line 14: Marking for loop body with '\' is deprecated. Remove markers and use 'END' instead.</msg>
</errors>
</robot>
